- Add login finctionality
- Handle login errors
- Handle automatic login in signup page
- New model "session"

- Manage logout
- Automatic login when going on home page if session exists

- Create tweet model
- Implement Add Tweet
- Display all tweets from tweet table in /tweets page
- Change query in find_user
- Update tweet in tweet feed without refreshing, app.js which will async await for tweet creat POST api for user data
- Show tweet with image if it has image, else show tweet with only text

- Create and toggle tweet modal
- Prettify tweet modal
- Ensure functionality in tweet modal

- Add fixtures
- Set default image by default
- Remove image field from user creation form
- Set the tweet image only if image is provided
- Change the table_name position on LEFT JOIN in get_all_tweets, to get all the tweets not all the users
- Change date format in tweet model
- Set current date when saving tweets